<?xml version="1.0" encoding="UTF-8"?>
<testsuite xmlns:xsi="http://www.w3.org/2001/XMLSchema-instance" xsi:noNamespaceSchemaLocation="https://maven.apache.org/surefire/maven-surefire-plugin/xsd/surefire-test-report-3.0.xsd" version="3.0" name="co.edu.uco.UcoBet.generales.SanitizerServiceTest" time="1.176" tests="1" errors="0" skipped="0" failures="0">
  <properties>
[...]
</properties>
  <testcase name="testSanitize" classname="co.edu.uco.UcoBet.generales.SanitizerServiceTest" time="0.013">
    <system-out><![CDATA[
  .   ____          _            __ _ _
 /\\ / ___'_ __ _ _(_)_ __  __ _ \ \ \ \
( ( )\___ | '_ | '_| | '_ \/ _` | \ \ \ \
 \\/  ___)| |_)| | | | | || (_| |  ) ) ) )
  '  |____| .__|_| |_|_| |_\__, | / / / /
 =========|_|==============|___/=/_/_/_/

 :: Spring Boot ::                (v3.3.4)

2024-10-25T20:42:45.933-05:00  INFO 27628 --- [UcoBet] [           main] c.e.u.U.generales.SanitizerServiceTest   : Starting SanitizerServiceTest using Java 23 with PID 27628 (started by Simon in C:\Users\Simon\Desktop\UCO\SEXTO SEMESTRE\ING.Software 2\ucobet\UcoBet\UcoBet-Generales)
2024-10-25T20:42:45.935-05:00  INFO 27628 --- [UcoBet] [           main] c.e.u.U.generales.SanitizerServiceTest   : No active profile set, falling back to 1 default profile: "default"
2024-10-25T20:42:45.968-05:00 DEBUG 27628 --- [UcoBet] [           main] o.s.w.c.s.GenericWebApplicationContext   : Refreshing org.springframework.web.context.support.GenericWebApplicationContext@12ad1b2a
2024-10-25T20:42:46.142-05:00  INFO 27628 --- [UcoBet] [           main] c.e.u.U.generales.SanitizerServiceTest   : Started SanitizerServiceTest in 0.656 seconds (process running for 3.111)
]]></system-out>
  </testcase>
</testsuite>