<?xml version="1.0" encoding="UTF-8"?>
<testsuite xmlns:xsi="http://www.w3.org/2001/XMLSchema-instance" xsi:noNamespaceSchemaLocation="https://maven.apache.org/surefire/maven-surefire-plugin/xsd/surefire-test-report-3.0.xsd" version="3.0" name="co.edu.uco.UcoBet.generales.UcoBetApplicationTests" time="10.769" tests="1" errors="0" skipped="0" failures="0">
  <properties>
[...]
</properties>
  <testcase name="contextLoads" classname="co.edu.uco.UcoBet.generales.UcoBetApplicationTests" time="0.005">
    <system-out><![CDATA[
  .   ____          _            __ _ _
 /\\ / ___'_ __ _ _(_)_ __  __ _ \ \ \ \
( ( )\___ | '_ | '_| | '_ \/ _` | \ \ \ \
 \\/  ___)| |_)| | | | | || (_| |  ) ) ) )
  '  |____| .__|_| |_|_| |_\__, | / / / /
 =========|_|==============|___/=/_/_/_/

 :: Spring Boot ::                (v3.3.4)

2024-10-25T20:42:46.287-05:00  INFO 27628 --- [UcoBet] [           main] c.e.u.U.g.UcoBetApplicationTests         : Starting UcoBetApplicationTests using Java 23 with PID 27628 (started by Simon in C:\Users\Simon\Desktop\UCO\SEXTO SEMESTRE\ING.Software 2\ucobet\UcoBet\UcoBet-Generales)
2024-10-25T20:42:46.287-05:00  INFO 27628 --- [UcoBet] [           main] c.e.u.U.g.UcoBetApplicationTests         : No active profile set, falling back to 1 default profile: "default"
2024-10-25T20:42:46.299-05:00 DEBUG 27628 --- [UcoBet] [           main] o.s.w.c.s.GenericWebApplicationContext   : Refreshing org.springframework.web.context.support.GenericWebApplicationContext@552cede7
2024-10-25T20:42:47.754-05:00  INFO 27628 --- [UcoBet] [           main] .s.d.r.c.RepositoryConfigurationDelegate : Bootstrapping Spring Data JPA repositories in DEFAULT mode.
2024-10-25T20:42:48.020-05:00  INFO 27628 --- [UcoBet] [           main] .s.d.r.c.RepositoryConfigurationDelegate : Finished Spring Data repository scanning in 259 ms. Found 3 JPA repository interfaces.
2024-10-25T20:42:48.660-05:00 DEBUG 27628 --- [UcoBet] [           main] j.LocalContainerEntityManagerFactoryBean : Building JPA container EntityManagerFactory for persistence unit 'default'
2024-10-25T20:42:48.681-05:00  INFO 27628 --- [UcoBet] [           main] o.hibernate.jpa.internal.util.LogHelper  : HHH000204: Processing PersistenceUnitInfo [name: default]
2024-10-25T20:42:48.754-05:00  INFO 27628 --- [UcoBet] [           main] org.hibernate.Version                    : HHH000412: Hibernate ORM core version 6.5.3.Final
2024-10-25T20:42:48.798-05:00  INFO 27628 --- [UcoBet] [           main] o.h.c.internal.RegionFactoryInitiator    : HHH000026: Second-level cache disabled
2024-10-25T20:42:48.939-05:00  INFO 27628 --- [UcoBet] [           main] o.s.o.j.p.SpringPersistenceUnitInfo      : No LoadTimeWeaver setup: ignoring JPA class transformer
2024-10-25T20:42:48.965-05:00  INFO 27628 --- [UcoBet] [           main] com.zaxxer.hikari.HikariDataSource       : HikariPool-1 - Starting...
2024-10-25T20:42:49.220-05:00  INFO 27628 --- [UcoBet] [           main] com.zaxxer.hikari.pool.HikariPool        : HikariPool-1 - Added connection org.postgresql.jdbc.PgConnection@59d0fac9
2024-10-25T20:42:49.221-05:00  INFO 27628 --- [UcoBet] [           main] com.zaxxer.hikari.HikariDataSource       : HikariPool-1 - Start completed.
2024-10-25T20:42:49.254-05:00  WARN 27628 --- [UcoBet] [           main] org.hibernate.orm.deprecation            : HHH90000025: PostgreSQLDialect does not need to be specified explicitly using 'hibernate.dialect' (remove the property setting and it will be selected by default)
2024-10-25T20:42:50.111-05:00  INFO 27628 --- [UcoBet] [           main] o.h.e.t.j.p.i.JtaPlatformInitiator       : HHH000489: No JTA platform available (set 'hibernate.transaction.jta.platform' to enable JTA platform integration)
2024-10-25T20:42:50.199-05:00  INFO 27628 --- [UcoBet] [           main] j.LocalContainerEntityManagerFactoryBean : Initialized JPA EntityManagerFactory for persistence unit 'default'
2024-10-25T20:42:50.463-05:00  INFO 27628 --- [UcoBet] [           main] c.a.c.h.n.implementation.NettyUtility    : {"az.sdk.message":"The following Netty versions were found on the classpath and have a mismatch with the versions used by azure-core-http-netty. If your application runs without issue this message can be ignored, otherwise please align the Netty versions used in your application. For more information, see https://aka.ms/azsdk/java/dependency/troubleshoot.","azure-netty-version":"4.1.110.Final","azure-netty-native-version":"2.0.65.Final","classpath-netty-version-io.netty:netty-common":"4.1.113.Final","classpath-netty-version-io.netty:netty-handler":"4.1.113.Final","classpath-netty-version-io.netty:netty-handler-proxy":"4.1.113.Final","classpath-netty-version-io.netty:netty-buffer":"4.1.113.Final","classpath-netty-version-io.netty:netty-codec":"4.1.113.Final","classpath-netty-version-io.netty:netty-codec-http":"4.1.113.Final","classpath-netty-version-io.netty:netty-codec-http2":"4.1.113.Final","classpath-netty-version-io.netty:netty-transport-native-unix-common":"4.1.113.Final","classpath-netty-version-io.netty:netty-transport-native-epoll":"4.1.113.Final","classpath-netty-version-io.netty:netty-transport-native-kqueue":"4.1.113.Final","classpath-native-netty-version-io.netty:netty-tcnative-boringssl-static":"2.0.66.Final"}
2024-10-25T20:42:50.737-05:00 DEBUG 27628 --- [UcoBet] [           main] .c.JpaMetamodelMappingContextFactoryBean : Initializing JpaMetamodelMappingContext…
2024-10-25T20:42:50.766-05:00 DEBUG 27628 --- [UcoBet] [           main] .c.JpaMetamodelMappingContextFactoryBean : Finished initializing JpaMetamodelMappingContext
2024-10-25T20:42:50.796-05:00 DEBUG 27628 --- [UcoBet] [           main] tor$SharedEntityManagerInvocationHandler : Creating new EntityManager for shared EntityManager invocation
2024-10-25T20:42:50.845-05:00 DEBUG 27628 --- [UcoBet] [           main] tor$SharedEntityManagerInvocationHandler : Creating new EntityManager for shared EntityManager invocation
2024-10-25T20:42:50.922-05:00 DEBUG 27628 --- [UcoBet] [           main] tor$SharedEntityManagerInvocationHandler : Creating new EntityManager for shared EntityManager invocation
2024-10-25T20:42:50.991-05:00 DEBUG 27628 --- [UcoBet] [           main] tor$SharedEntityManagerInvocationHandler : Creating new EntityManager for shared EntityManager invocation
2024-10-25T20:42:50.992-05:00 DEBUG 27628 --- [UcoBet] [           main] tor$SharedEntityManagerInvocationHandler : Creating new EntityManager for shared EntityManager invocation
2024-10-25T20:42:50.998-05:00 DEBUG 27628 --- [UcoBet] [           main] tor$SharedEntityManagerInvocationHandler : Creating new EntityManager for shared EntityManager invocation
2024-10-25T20:42:50.999-05:00 DEBUG 27628 --- [UcoBet] [           main] tor$SharedEntityManagerInvocationHandler : Creating new EntityManager for shared EntityManager invocation
2024-10-25T20:42:51.158-05:00  WARN 27628 --- [UcoBet] [           main] JpaBaseConfiguration$JpaWebConfiguration : spring.jpa.open-in-view is enabled by default. Therefore, database queries may be performed during view rendering. Explicitly configure spring.jpa.open-in-view to disable this warning
2024-10-25T20:42:51.260-05:00 DEBUG 27628 --- [UcoBet] [           main] s.w.s.m.m.a.RequestMappingHandlerMapping : 7 mappings in 'requestMappingHandlerMapping'
2024-10-25T20:42:51.352-05:00 DEBUG 27628 --- [UcoBet] [           main] o.s.w.s.handler.SimpleUrlHandlerMapping  : Patterns [/webjars/**, /**] in 'resourceHandlerMapping'
2024-10-25T20:42:51.391-05:00 DEBUG 27628 --- [UcoBet] [           main] s.w.s.m.m.a.RequestMappingHandlerAdapter : ControllerAdvice beans: 0 @ModelAttribute, 0 @InitBinder, 1 RequestBodyAdvice, 1 ResponseBodyAdvice
2024-10-25T20:42:51.438-05:00 DEBUG 27628 --- [UcoBet] [           main] .m.m.a.ExceptionHandlerExceptionResolver : ControllerAdvice beans: 0 @ExceptionHandler, 1 ResponseBodyAdvice
2024-10-25T20:42:51.557-05:00  INFO 27628 --- [UcoBet] [           main] c.e.u.U.g.UcoBetApplicationTests         : Started UcoBetApplicationTests in 5.319 seconds (process running for 8.527)
2024-10-25T20:42:53.981-05:00  INFO 27628 --- [UcoBet] [           main] c.azure.identity.ChainedTokenCredential  : Azure Identity => Attempted credential EnvironmentCredential is unavailable.
2024-10-25T20:42:53.982-05:00  INFO 27628 --- [UcoBet] [           main] c.azure.identity.ChainedTokenCredential  : Azure Identity => Attempted credential WorkloadIdentityCredential is unavailable.
2024-10-25T20:42:54.052-05:00  WARN 27628 --- [UcoBet] [  az-identity-1] c.m.a.m.ConfidentialClientApplication    : [Correlation ID: f1f08a81-423a-43e4-948b-0a625345b18b] Execution of class com.microsoft.aad.msal4j.AcquireTokenByClientCredentialSupplier failed: java.util.concurrent.ExecutionException: com.azure.identity.CredentialUnavailableException: ManagedIdentityCredential authentication unavailable. Connection to IMDS endpoint cannot be established, Network is unreachable: getsockopt.
2024-10-25T20:42:54.053-05:00  INFO 27628 --- [UcoBet] [           main] c.azure.identity.ChainedTokenCredential  : Azure Identity => Attempted credential ManagedIdentityCredential is unavailable.
2024-10-25T20:42:54.059-05:00  INFO 27628 --- [UcoBet] [           main] c.azure.identity.ChainedTokenCredential  : Azure Identity => Attempted credential SharedTokenCacheCredential is unavailable.
2024-10-25T20:42:54.062-05:00  INFO 27628 --- [UcoBet] [           main] c.azure.identity.ChainedTokenCredential  : Azure Identity => Attempted credential IntelliJCredential is unavailable.
2024-10-25T20:42:56.502-05:00  INFO 27628 --- [UcoBet] [           main] c.azure.identity.ChainedTokenCredential  : Azure Identity => Attempted credential AzureCliCredential returns a token
jdbc:sqlserver://ucobet-server.database.windows.net:1433;database=ucobet-db;user=ucobetdbuser;password=uc0b3tdbus3r!;encrypt=true;trustServerCertificate=true;hostNameInCertificate=*.database.windows.net;loginTimeout=30;
]]></system-out>
  </testcase>
</testsuite>